<?xml version="1.0" encoding="UTF-8"?>
<!-- Generated by org.testng.reporters.JUnitReportReporter -->
<testsuite hostname="DESKTOP-I59386F" failures="0" tests="1" name="org.GenricLib.vtiger.DataProviderClass" time="1.952" errors="0" timestamp="2023-05-03T17:44:33 IST" skipped="0">
  <testcase classname="org.GenricLib.vtiger.DataProviderClass" name="dataOrg" time="1.952"/>
  <system-out/>
</testsuite> <!-- org.GenricLib.vtiger.DataProviderClass -->
