<?xml version="1.0" encoding="UTF-8"?>
<!-- Generated by org.testng.reporters.JUnitReportReporter -->
<testsuite hostname="DESKTOP-I59386F" failures="0" tests="1" name="com.DataUtility.vtiger.PropertyUtility" time="0.027" errors="0" timestamp="2023-04-25T13:13:08 IST" skipped="0">
  <testcase classname="com.DataUtility.vtiger.PropertyUtility" name="m1" time="0.027"/>
  <system-out/>
</testsuite> <!-- com.DataUtility.vtiger.PropertyUtility -->
