<?xml version="1.0" encoding="UTF-8"?>
<!-- Generated by org.testng.reporters.JUnitReportReporter -->
<testsuite hostname="DESKTOP-I59386F" failures="0" tests="1" name="orgaisationModule.CreateOrganisationByOrganisation" time="56.650" errors="0" timestamp="2023-04-28T12:21:49 IST" skipped="0">
  <testcase classname="orgaisationModule.CreateOrganisationByOrganisation" name="m1" time="56.650"/>
  <system-out/>
</testsuite> <!-- orgaisationModule.CreateOrganisationByOrganisation -->
