<?xml version="1.0" encoding="UTF-8"?>
<!-- Generated by org.testng.reporters.JUnitReportReporter -->
<testsuite hostname="DESKTOP-I59386F" failures="0" tests="2" name="Demo.Datapro" time="0.015" errors="0" timestamp="2023-05-02T22:12:21 IST" skipped="0">
  <testcase classname="Demo.Datapro" name="m2" time="0.005"/>
  <system-out/>
  <testcase classname="Demo.Datapro" name="m2" time="0.010"/>
  <system-out/>
</testsuite> <!-- Demo.Datapro -->
