<?xml version="1.0" encoding="UTF-8"?>
<!-- Generated by org.testng.reporters.JUnitReportReporter -->
<testsuite hostname="DESKTOP-I59386F" failures="0" tests="1" name="orgaisationModule.CreateOrganisationBysymbol" time="34.970" errors="0" timestamp="2023-05-03T16:32:33 IST" skipped="0">
  <testcase classname="orgaisationModule.CreateOrganisationBysymbol" name="createOrganistionBySymbol" time="34.970"/>
  <system-out>
    <![CDATA[TestCase Started:-createOrganistionBySymbol
TestCase Sucess:-createOrganistionBySymbol]]>
  </system-out>
</testsuite> <!-- orgaisationModule.CreateOrganisationBysymbol -->
