<?xml version="1.0" encoding="UTF-8"?>
<!-- Generated by org.testng.reporters.JUnitReportReporter -->
<testsuite hostname="DESKTOP-I59386F" failures="0" tests="1" name="org.GenricLib.vtiger.BaseClass" time="21.800" errors="0" timestamp="2023-04-27T13:37:08 IST" skipped="0">
  <testcase classname="org.GenricLib.vtiger.BaseClass" name="m1" time="21.800"/>
  <system-out/>
</testsuite> <!-- org.GenricLib.vtiger.BaseClass -->
