<?xml version="1.0" encoding="UTF-8"?>
<!-- Generated by org.testng.reporters.JUnitReportReporter -->
<testsuite hostname="DESKTOP-I59386F" failures="0" tests="1" name="org.GenricLib.vtiger.Demo" time="0.040" errors="0" timestamp="2023-05-01T15:26:46 IST" skipped="0">
  <testcase classname="org.GenricLib.vtiger.Demo" name="m1" time="0.040"/>
  <system-out/>
</testsuite> <!-- org.GenricLib.vtiger.Demo -->
