<?xml version="1.0" encoding="UTF-8"?>
<!-- Generated by org.testng.reporters.JUnitReportReporter -->
<testsuite hostname="DESKTOP-I59386F" failures="0" tests="1" name="com.DataUtility.vtiger.JavaUtility" time="0.084" errors="0" timestamp="2023-04-24T13:21:43 IST" skipped="0">
  <testcase classname="com.DataUtility.vtiger.JavaUtility" name="m1" time="0.084"/>
  <system-out/>
</testsuite> <!-- com.DataUtility.vtiger.JavaUtility -->
