<?xml version="1.0" encoding="UTF-8"?>
<!-- Generated by org.testng.reporters.JUnitReportReporter -->
<testsuite hostname="DESKTOP-I59386F" failures="0" tests="1" name="Demo" time="1.404" errors="0" timestamp="2023-05-19T17:15:55 IST" skipped="0">
  <testcase classname="Demo" name="m1" time="1.404"/>
  <system-out/>
</testsuite> <!-- Demo -->
