<?xml version="1.0" encoding="UTF-8"?>
<!-- Generated by org.testng.reporters.JUnitReportReporter -->
<testsuite hostname="DESKTOP-I59386F" failures="0" tests="1" name="dummy.DummyClassTest" time="0.024" errors="0" timestamp="2023-05-06T17:13:49 IST" skipped="0">
  <testcase classname="dummy.DummyClassTest" name="m1" time="0.024"/>
  <system-out/>
</testsuite> <!-- dummy.DummyClassTest -->
