<?xml version="1.0" encoding="UTF-8"?>
<!-- Generated by org.testng.reporters.JUnitReportReporter -->
<testsuite hostname="DESKTOP-I59386F" failures="0" tests="1" name="orgaisationModule.VerifyCreateorganisationName" time="24.318" errors="0" timestamp="2023-04-28T12:50:11 IST" skipped="0">
  <testcase classname="orgaisationModule.VerifyCreateorganisationName" name="validatingHomePage" time="24.318"/>
  <system-out>
    <![CDATA[Varification Sucesssfull
Create Organisation Displyed]]>
  </system-out>
</testsuite> <!-- orgaisationModule.VerifyCreateorganisationName -->
