<?xml version="1.0" encoding="UTF-8"?>
<!-- Generated by org.testng.reporters.JUnitReportReporter -->
<testsuite hostname="DESKTOP-I59386F" failures="0" tests="1" name="Demo.GetAbsoulutePathclass" time="0.025" errors="0" timestamp="2023-05-02T12:53:28 IST" skipped="0">
  <testcase classname="Demo.GetAbsoulutePathclass" name="m1" time="0.025"/>
  <system-out/>
</testsuite> <!-- Demo.GetAbsoulutePathclass -->
